C:\Program Files\Microsoft Visual Studio\2022\Enterprise\MSBuild\Microsoft\VC\v170\Microsoft.CppBuild.targets(534,5): warning MSB8028: The intermediate directory (Debug\) contains files shared from another project (Win32SimpleSample.vcxproj).  This can lead to incorrect clean and rebuild behavior.
  Game.cpp
M:\CMP 405\Assessment\CMP-405-Assessment\WFFC-Edit-master\WOFFCEdit\Game.cpp(28,20): warning C4305: '=': truncation from 'double' to 'float'
M:\CMP 405\Assessment\CMP-405-Assessment\WFFC-Edit-master\WOFFCEdit\Game.cpp(77,82): warning C4244: 'argument': conversion from 'int' to 'float', possible loss of data
M:\CMP 405\Assessment\CMP-405-Assessment\WFFC-Edit-master\WOFFCEdit\Game.cpp(77,57): warning C4244: 'argument': conversion from 'int' to 'float', possible loss of data
M:\CMP 405\Assessment\CMP-405-Assessment\WFFC-Edit-master\WOFFCEdit\Game.cpp(78,81): warning C4244: 'argument': conversion from 'int' to 'float', possible loss of data
M:\CMP 405\Assessment\CMP-405-Assessment\WFFC-Edit-master\WOFFCEdit\Game.cpp(78,56): warning C4244: 'argument': conversion from 'int' to 'float', possible loss of data
M:\CMP 405\Assessment\CMP-405-Assessment\WFFC-Edit-master\WOFFCEdit\Game.cpp(81,20): warning C4018: '<': signed/unsigned mismatch
M:\CMP 405\Assessment\CMP-405-Assessment\WFFC-Edit-master\WOFFCEdit\Game.cpp(90,46): warning C4244: 'argument': conversion from 'double' to 'float', possible loss of data
M:\CMP 405\Assessment\CMP-405-Assessment\WFFC-Edit-master\WOFFCEdit\Game.cpp(89,46): warning C4244: 'argument': conversion from 'double' to 'float', possible loss of data
M:\CMP 405\Assessment\CMP-405-Assessment\WFFC-Edit-master\WOFFCEdit\Game.cpp(88,98): warning C4244: 'argument': conversion from 'double' to 'float', possible loss of data
M:\CMP 405\Assessment\CMP-405-Assessment\WFFC-Edit-master\WOFFCEdit\Game.cpp(96,111): warning C4244: 'argument': conversion from 'LONG' to 'float', possible loss of data
M:\CMP 405\Assessment\CMP-405-Assessment\WFFC-Edit-master\WOFFCEdit\Game.cpp(96,85): warning C4244: 'argument': conversion from 'LONG' to 'float', possible loss of data
M:\CMP 405\Assessment\CMP-405-Assessment\WFFC-Edit-master\WOFFCEdit\Game.cpp(97,109): warning C4244: 'argument': conversion from 'LONG' to 'float', possible loss of data
M:\CMP 405\Assessment\CMP-405-Assessment\WFFC-Edit-master\WOFFCEdit\Game.cpp(97,83): warning C4244: 'argument': conversion from 'LONG' to 'float', possible loss of data
M:\CMP 405\Assessment\CMP-405-Assessment\WFFC-Edit-master\WOFFCEdit\Game.cpp(104,21): warning C4018: '<': signed/unsigned mismatch
M:\CMP 405\Assessment\CMP-405-Assessment\WFFC-Edit-master\WOFFCEdit\Game.cpp(213,28): warning C4244: '=': conversion from 'double' to 'float', possible loss of data
M:\CMP 405\Assessment\CMP-405-Assessment\WFFC-Edit-master\WOFFCEdit\Game.cpp(214,28): warning C4244: '=': conversion from 'double' to 'float', possible loss of data
M:\CMP 405\Assessment\CMP-405-Assessment\WFFC-Edit-master\WOFFCEdit\Game.cpp(318,57): warning C4244: 'argument': conversion from 'double' to 'float', possible loss of data
M:\CMP 405\Assessment\CMP-405-Assessment\WFFC-Edit-master\WOFFCEdit\Game.cpp(317,57): warning C4244: 'argument': conversion from 'double' to 'float', possible loss of data
M:\CMP 405\Assessment\CMP-405-Assessment\WFFC-Edit-master\WOFFCEdit\Game.cpp(316,97): warning C4244: 'argument': conversion from 'double' to 'float', possible loss of data
M:\CMP 405\Assessment\CMP-405-Assessment\WFFC-Edit-master\WOFFCEdit\Game.cpp(302,10): warning C4101: 'Buffer': unreferenced local variable
  Win32SimpleSample.vcxproj -> M:\CMP 405\Assessment\CMP-405-Assessment\WFFC-Edit-master\WOFFCEdit\Debug\WoFEdit.exe
